<?xml version="1.0" encoding="UTF-8"?>
<testng-results ignored="0" total="1" passed="1" failed="0" skipped="0">
  <reporter-output>
  </reporter-output>
  <suite started-at="2023-07-05T11:27:07 IST" name="Default suite" finished-at="2023-07-05T11:27:25 IST" duration-ms="18003">
    <groups>
    </groups>
    <test started-at="2023-07-05T11:27:07 IST" name="Default test" finished-at="2023-07-05T11:27:25 IST" duration-ms="18003">
      <class name="com.trello.test.DemoTrello">
        <test-method is-config="true" signature="OpenBrowser()[pri:0, instance:com.trello.test.DemoTrello@50b472aa]" started-at="2023-07-05T11:27:07 IST" name="OpenBrowser" finished-at="2023-07-05T11:27:08 IST" duration-ms="1302" status="PASS">
          <reporter-output>
          </reporter-output>
        </test-method> <!-- OpenBrowser -->
        <test-method is-config="true" signature="Login()[pri:0, instance:com.trello.test.DemoTrello@50b472aa]" started-at="2023-07-05T11:27:08 IST" name="Login" finished-at="2023-07-05T11:27:13 IST" duration-ms="4234" status="PASS">
          <reporter-output>
          </reporter-output>
        </test-method> <!-- Login -->
        <test-method signature="testTrello()[pri:0, instance:com.trello.test.DemoTrello@50b472aa]" started-at="2023-07-05T11:27:13 IST" name="testTrello" finished-at="2023-07-05T11:27:23 IST" duration-ms="10614" status="PASS">
          <reporter-output>
          </reporter-output>
        </test-method> <!-- testTrello -->
        <test-method is-config="true" signature="logout()[pri:0, instance:com.trello.test.DemoTrello@50b472aa]" started-at="2023-07-05T11:27:23 IST" name="logout" finished-at="2023-07-05T11:27:25 IST" duration-ms="1654" status="PASS">
          <reporter-output>
          </reporter-output>
        </test-method> <!-- logout -->
        <test-method is-config="true" signature="closeBrowser()[pri:0, instance:com.trello.test.DemoTrello@50b472aa]" started-at="2023-07-05T11:27:25 IST" name="closeBrowser" finished-at="2023-07-05T11:27:25 IST" duration-ms="159" status="PASS">
          <reporter-output>
          </reporter-output>
        </test-method> <!-- closeBrowser -->
      </class> <!-- com.trello.test.DemoTrello -->
    </test> <!-- Default test -->
  </suite> <!-- Default suite -->
</testng-results>
