<?xml version="1.0" encoding="UTF-8"?>
<testng-results ignored="0" total="1" passed="1" failed="0" skipped="0">
  <reporter-output>
  </reporter-output>
  <suite started-at="2023-07-07T21:34:02 IST" name="Default suite" finished-at="2023-07-07T21:34:27 IST" duration-ms="24915">
    <groups>
    </groups>
    <test started-at="2023-07-07T21:34:02 IST" name="Default test" finished-at="2023-07-07T21:34:27 IST" duration-ms="24915">
      <class name="com.trello.test.DemoTrello">
        <test-method is-config="true" signature="OpenBrowser()[pri:0, instance:com.trello.test.DemoTrello@50b472aa]" started-at="2023-07-07T21:34:02 IST" name="OpenBrowser" finished-at="2023-07-07T21:34:06 IST" duration-ms="4712" status="PASS">
          <reporter-output>
          </reporter-output>
        </test-method> <!-- OpenBrowser -->
        <test-method is-config="true" signature="Login()[pri:0, instance:com.trello.test.DemoTrello@50b472aa]" started-at="2023-07-07T21:34:06 IST" name="Login" finished-at="2023-07-07T21:34:12 IST" duration-ms="5792" status="PASS">
          <reporter-output>
          </reporter-output>
        </test-method> <!-- Login -->
        <test-method signature="testTrello()[pri:0, instance:com.trello.test.DemoTrello@50b472aa]" started-at="2023-07-07T21:34:12 IST" name="testTrello" finished-at="2023-07-07T21:34:25 IST" duration-ms="12374" status="PASS">
          <reporter-output>
          </reporter-output>
        </test-method> <!-- testTrello -->
        <test-method is-config="true" signature="logout()[pri:0, instance:com.trello.test.DemoTrello@50b472aa]" started-at="2023-07-07T21:34:25 IST" name="logout" finished-at="2023-07-07T21:34:26 IST" duration-ms="1640" status="PASS">
          <reporter-output>
          </reporter-output>
        </test-method> <!-- logout -->
        <test-method is-config="true" signature="closeBrowser()[pri:0, instance:com.trello.test.DemoTrello@50b472aa]" started-at="2023-07-07T21:34:26 IST" name="closeBrowser" finished-at="2023-07-07T21:34:27 IST" duration-ms="323" status="PASS">
          <reporter-output>
          </reporter-output>
        </test-method> <!-- closeBrowser -->
      </class> <!-- com.trello.test.DemoTrello -->
    </test> <!-- Default test -->
  </suite> <!-- Default suite -->
</testng-results>
